TN:
SF:app/index.js
FN:2,(anonymous_0)
FN:8,(anonymous_1)
FN:13,(anonymous_2)
FNF:3
FNH:0
FNDA:0,(anonymous_0)
FNDA:0,(anonymous_1)
FNDA:0,(anonymous_2)
DA:1,0
DA:2,0
DA:3,0
DA:4,0
DA:5,0
DA:8,0
DA:9,0
DA:10,0
DA:13,0
DA:14,0
LF:10
LH:0
BRF:0
BRH:0
end_of_record
TN:
SF:app/insights.js
FN:3,setup
FNF:1
FNH:1
FNDA:10,setup
DA:1,10
DA:4,10
DA:5,0
DA:6,0
DA:7,0
DA:8,0
DA:9,0
DA:11,10
DA:15,10
LF:9
LH:4
BRDA:4,0,0,0
BRDA:4,0,1,10
BRF:2
BRH:1
end_of_record
TN:
SF:app/server.js
FN:6,(anonymous_0)
FNF:1
FNH:1
FNDA:56,(anonymous_0)
DA:1,10
DA:3,10
DA:4,10
DA:6,10
DA:7,56
DA:18,56
DA:19,56
DA:21,56
DA:22,56
DA:23,56
DA:24,56
DA:26,56
DA:27,56
DA:30,56
DA:33,10
LF:15
LH:15
BRDA:26,0,0,56
BRDA:26,0,1,0
BRF:2
BRH:1
end_of_record
TN:
SF:app/storage.js
FN:18,(anonymous_0)
FN:27,(anonymous_1)
FN:33,(anonymous_2)
FNF:3
FNH:3
FNDA:2,(anonymous_0)
FNDA:2,(anonymous_1)
FNDA:16,(anonymous_2)
DA:1,12
DA:2,12
DA:3,12
DA:7,12
DA:8,12
DA:9,12
DA:11,0
DA:12,0
DA:13,0
DA:16,12
DA:18,12
DA:19,2
DA:20,2
DA:21,2
DA:23,2
DA:24,2
DA:27,12
DA:28,2
DA:29,2
DA:30,2
DA:33,12
DA:34,16
DA:35,16
DA:36,16
DA:37,16
DA:39,5
DA:43,12
LF:27
LH:24
BRDA:7,0,0,12
BRDA:7,0,1,0
BRDA:19,1,0,2
BRDA:19,1,1,0
BRDA:34,2,0,16
BRDA:34,2,1,2
BRF:6
BRH:4
end_of_record
TN:
SF:app/stream-to-buffer.js
FN:3,(anonymous_0)
FN:4,(anonymous_1)
FN:6,(anonymous_2)
FN:9,(anonymous_3)
FNF:4
FNH:4
FNDA:25,(anonymous_0)
FNDA:25,(anonymous_1)
FNDA:25,(anonymous_2)
FNDA:16,(anonymous_3)
DA:3,13
DA:4,25
DA:5,25
DA:6,25
DA:7,25
DA:9,16
DA:10,16
DA:12,16
DA:16,13
LF:9
LH:9
BRDA:7,0,0,0
BRDA:7,0,1,25
BRF:2
BRH:1
end_of_record
TN:
SF:app/cache/drop-cache-key.js
FN:1,(anonymous_0)
FNF:1
FNH:1
FNDA:58,(anonymous_0)
DA:1,15
DA:2,58
DA:3,58
DA:4,58
DA:6,0
DA:7,0
DA:11,15
LF:7
LH:5
BRF:0
BRH:0
end_of_record
TN:
SF:app/cache/drop.js
FN:4,(anonymous_0)
FNF:1
FNH:1
FNDA:71,(anonymous_0)
DA:1,15
DA:2,15
DA:4,15
DA:5,71
DA:8,15
LF:5
LH:5
BRF:0
BRH:0
end_of_record
TN:
SF:app/cache/get-cache-value.js
FN:1,(anonymous_0)
FNF:1
FNH:1
FNDA:45,(anonymous_0)
DA:1,15
DA:2,45
DA:3,45
DA:4,45
DA:6,7
DA:10,15
LF:6
LH:6
BRF:0
BRH:0
end_of_record
TN:
SF:app/cache/get-cache.js
FN:1,(anonymous_0)
FNF:1
FNH:1
FNDA:146,(anonymous_0)
DA:1,15
DA:2,146
DA:5,15
LF:3
LH:3
BRF:0
BRH:0
end_of_record
TN:
SF:app/cache/get.js
FN:4,(anonymous_0)
FNF:1
FNH:1
FNDA:46,(anonymous_0)
DA:1,15
DA:2,15
DA:4,15
DA:5,46
DA:6,46
DA:8,9
DA:9,9
DA:13,15
LF:8
LH:8
BRF:0
BRH:0
end_of_record
TN:
SF:app/cache/index.js
FNF:0
FNH:0
DA:1,15
DA:2,15
DA:3,15
DA:5,15
LF:4
LH:4
BRF:0
BRH:0
end_of_record
TN:
SF:app/cache/set-cache-value.js
FN:3,(anonymous_0)
FNF:1
FNH:1
FNDA:37,(anonymous_0)
DA:1,15
DA:3,15
DA:4,37
DA:5,37
DA:6,37
DA:8,0
DA:9,0
DA:13,15
LF:8
LH:6
BRF:0
BRH:0
end_of_record
TN:
SF:app/cache/set.js
FN:4,(anonymous_0)
FNF:1
FNH:1
FNDA:50,(anonymous_0)
DA:1,15
DA:2,15
DA:4,15
DA:5,50
DA:8,15
LF:5
LH:5
BRF:0
BRH:0
end_of_record
TN:
SF:app/config/cache.js
FNF:0
FNH:0
DA:1,17
DA:3,17
DA:5,17
DA:15,17
DA:25,17
DA:29,17
DA:30,0
DA:33,17
DA:35,17
DA:42,17
LF:10
LH:9
BRDA:29,0,0,0
BRDA:29,0,1,17
BRF:2
BRH:1
end_of_record
TN:
SF:app/config/index.js
FNF:0
FNH:0
DA:1,17
DA:3,17
DA:4,17
DA:6,17
DA:12,17
DA:18,17
DA:22,17
DA:23,0
DA:26,17
DA:28,17
DA:29,17
DA:30,17
DA:32,17
DA:34,17
DA:36,17
DA:37,0
DA:40,17
DA:41,17
DA:47,17
DA:49,17
LF:20
LH:18
BRDA:22,0,0,0
BRDA:22,0,1,17
BRDA:28,1,0,17
BRDA:28,1,1,0
BRDA:34,2,0,17
BRDA:34,2,1,17
BRDA:36,3,0,0
BRDA:36,3,1,17
BRDA:41,4,0,17
BRDA:41,4,1,0
BRDA:44,5,0,17
BRDA:44,5,1,0
BRDA:47,6,0,17
BRDA:47,6,1,0
BRF:14
BRH:8
end_of_record
TN:
SF:app/config/storage.js
FNF:0
FNH:0
DA:1,17
DA:4,17
DA:14,17
DA:24,17
DA:29,17
DA:30,0
DA:33,17
LF:7
LH:6
BRDA:29,0,0,0
BRDA:29,0,1,17
BRF:2
BRH:1
end_of_record
TN:
SF:app/constants/api-versions.js
FNF:0
FNH:0
DA:1,10
LF:1
LH:1
BRF:0
BRH:0
end_of_record
TN:
SF:app/plugins/enabled.js
FN:6,(anonymous_0)
FN:7,(anonymous_1)
FNF:2
FNH:2
FNDA:56,(anonymous_0)
FNDA:49,(anonymous_1)
DA:1,10
DA:3,10
DA:7,56
DA:8,49
DA:9,2
DA:11,47
LF:6
LH:6
BRDA:8,0,0,2
BRDA:8,0,1,47
BRDA:8,1,0,49
BRDA:8,1,1,4
BRF:4
BRH:4
end_of_record
TN:
SF:app/plugins/errors.js
FN:4,(anonymous_0)
FN:5,(anonymous_1)
FNF:2
FNH:2
FNDA:56,(anonymous_0)
FNDA:49,(anonymous_1)
DA:1,10
DA:5,56
DA:6,49
DA:8,49
DA:11,30
DA:14,30
DA:19,30
DA:21,19
LF:8
LH:8
BRDA:8,0,0,30
BRDA:8,0,1,19
BRDA:17,1,0,0
BRDA:17,1,1,30
BRF:4
BRH:3
end_of_record
TN:
SF:app/plugins/logging.js
FNF:0
FNH:0
DA:1,10
LF:1
LH:1
BRF:0
BRH:0
end_of_record
TN:
SF:app/plugins/router.js
FN:10,(anonymous_0)
FNF:1
FNH:1
FNDA:56,(anonymous_0)
DA:1,10
DA:7,10
DA:11,56
LF:3
LH:3
BRF:0
BRH:0
end_of_record
TN:
SF:app/routes/healthy.js
FN:4,(anonymous_0)
FNF:1
FNH:1
FNDA:2,(anonymous_0)
DA:1,10
DA:5,2
LF:2
LH:2
BRF:0
BRH:0
end_of_record
TN:
SF:app/routes/healthz.js
FN:4,(anonymous_0)
FNF:1
FNH:1
FNDA:2,(anonymous_0)
DA:1,10
DA:5,2
LF:2
LH:2
BRF:0
BRH:0
end_of_record
TN:
SF:app/routes/statement.js
FN:13,(anonymous_0)
FN:18,(anonymous_1)
FNF:2
FNH:2
FNDA:2,(anonymous_0)
FNDA:15,(anonymous_1)
DA:1,10
DA:3,10
DA:5,10
DA:7,10
DA:14,2
DA:19,15
DA:20,15
DA:21,15
DA:23,13
DA:30,2
LF:10
LH:10
BRF:0
BRH:0
end_of_record
TN:
SF:app/routes/schemas/filename.js
FNF:0
FNH:0
DA:1,10
DA:3,10
LF:2
LH:2
BRF:0
BRH:0
end_of_record
TN:
SF:app/routes/schemas/statement.js
FNF:0
FNH:0
DA:1,10
DA:3,10
DA:4,10
DA:6,10
LF:4
LH:4
BRF:0
BRH:0
end_of_record
TN:
SF:app/routes/schemas/version.js
FNF:0
FNH:0
DA:1,10
DA:3,10
DA:5,10
LF:3
LH:3
BRF:0
BRH:0
end_of_record
TN:
SF:app/statement/get-read-through-statement.js
FN:6,(anonymous_0)
FNF:1
FNH:1
FNDA:41,(anonymous_0)
DA:1,11
DA:3,11
DA:4,11
DA:6,11
DA:7,41
DA:9,37
DA:10,11
DA:13,26
DA:14,19
DA:16,18
DA:19,11
LF:11
LH:11
BRDA:9,0,0,11
BRDA:9,0,1,26
BRF:2
BRH:2
end_of_record
TN:
SF:app/statement/get-statement-from-blob-storage.js
FN:4,(anonymous_0)
FNF:1
FNH:1
FNDA:26,(anonymous_0)
DA:1,12
DA:2,12
DA:4,12
DA:5,26
DA:7,26
DA:8,19
DA:10,18
DA:13,12
LF:8
LH:8
BRF:0
BRH:0
end_of_record
TN:
SF:app/statement/get-statement-from-cache.js
FN:3,(anonymous_0)
FNF:1
FNH:1
FNDA:27,(anonymous_0)
DA:1,12
DA:3,12
DA:4,27
DA:5,27
DA:6,9
DA:7,9
DA:10,18
DA:13,12
LF:8
LH:8
BRDA:5,0,0,9
BRDA:5,0,1,18
BRF:2
BRH:2
end_of_record
TN:
SF:app/statement/index.js
FNF:0
FNH:0
DA:1,11
DA:3,11
LF:2
LH:2
BRF:0
BRH:0
end_of_record
